Traceback (most recent call last):
  File "showdown.py", line 142, in run
    result = self.play_game()
  File "showdown.py", line 128, in play_game
    self.selenium.move(move.move_index, move.backup_switch, mega=move.mega, volt_turn=move.volt_turn)
  File "/home/vasu/Work/pokemon_ai/browser.py", line 114, in move
    move = self.driver.find_element_by_xpath("/html/body/div[4]/div[5]/div/div[2]/div[2]/button[%d]" % (index + 1))
  File "/usr/local/lib/python2.7/dist-packages/selenium/webdriver/remote/webdriver.py", line 230, in find_element_by_xpath
    return self.find_element(by=By.XPATH, value=xpath)
  File "/usr/local/lib/python2.7/dist-packages/selenium/webdriver/remote/webdriver.py", line 662, in find_element
    {'using': by, 'value': value})['value']
  File "/usr/local/lib/python2.7/dist-packages/selenium/webdriver/remote/webdriver.py", line 173, in execute
    self.error_handler.check_response(response)
  File "/usr/local/lib/python2.7/dist-packages/selenium/webdriver/remote/errorhandler.py", line 164, in check_response
    raise exception_class(message, screen, stacktrace)
NoSuchElementException: Message: u'no such element\n  (Session info: chrome=39.0.2171.95)\n  (Driver info: chromedriver=2.9.248304,platform=Linux 3.13.0-24-generic x86_64)' 
